<?xml version="1.0" encoding="UTF-8"?>
<testsuite name="io.cone.RegistrationResourceTest" tests="1" skipped="0" failures="1" errors="0" timestamp="2023-06-24T04:36:37" hostname="Vighneshas-MacBook-Pro.local" time="0.002">
  <properties/>
  <testcase name="shouldNotAddAUserIfBannedName()" classname="io.cone.RegistrationResourceTest" time="0.002">
    <failure message="org.junit.jupiter.api.extension.TestInstantiationException: Failed to create test instance" type="org.junit.jupiter.api.extension.TestInstantiationException">org.junit.jupiter.api.extension.TestInstantiationException: Failed to create test instance
	at io.quarkus.test.junit.QuarkusTestExtension.initTestState(QuarkusTestExtension.java:786)
	at io.quarkus.test.junit.QuarkusTestExtension.interceptTestClassConstructor(QuarkusTestExtension.java:752)
	at org.junit.jupiter.engine.execution.InterceptingExecutableInvoker.lambda$invoke$0(InterceptingExecutableInvoker.java:93)
	at org.junit.jupiter.engine.execution.InvocationInterceptorChain$InterceptedInvocation.proceed(InvocationInterceptorChain.java:106)
	at org.junit.jupiter.api.extension.InvocationInterceptor.interceptTestClassConstructor(InvocationInterceptor.java:73)
	at org.junit.jupiter.engine.execution.InterceptingExecutableInvoker.lambda$invoke$0(InterceptingExecutableInvoker.java:93)
	at org.junit.jupiter.engine.execution.InvocationInterceptorChain$InterceptedInvocation.proceed(InvocationInterceptorChain.java:106)
	at org.junit.jupiter.engine.execution.InvocationInterceptorChain.proceed(InvocationInterceptorChain.java:64)
	at org.junit.jupiter.engine.execution.InvocationInterceptorChain.chainAndInvoke(InvocationInterceptorChain.java:45)
	at org.junit.jupiter.engine.execution.InvocationInterceptorChain.invoke(InvocationInterceptorChain.java:37)
	at org.junit.jupiter.engine.execution.InterceptingExecutableInvoker.invoke(InterceptingExecutableInvoker.java:92)
	at org.junit.jupiter.engine.execution.InterceptingExecutableInvoker.invoke(InterceptingExecutableInvoker.java:62)
	at org.junit.jupiter.engine.descriptor.ClassBasedTestDescriptor.invokeTestClassConstructor(ClassBasedTestDescriptor.java:363)
	at org.junit.jupiter.engine.descriptor.ClassBasedTestDescriptor.instantiateTestClass(ClassBasedTestDescriptor.java:310)
	at org.junit.jupiter.engine.descriptor.ClassTestDescriptor.instantiateTestClass(ClassTestDescriptor.java:79)
	at org.junit.jupiter.engine.descriptor.ClassBasedTestDescriptor.instantiateAndPostProcessTestInstance(ClassBasedTestDescriptor.java:286)
	at org.junit.jupiter.engine.descriptor.ClassBasedTestDescriptor.lambda$testInstancesProvider$4(ClassBasedTestDescriptor.java:278)
	at java.base/java.util.Optional.orElseGet(Optional.java:364)
	at org.junit.jupiter.engine.descriptor.ClassBasedTestDescriptor.lambda$testInstancesProvider$5(ClassBasedTestDescriptor.java:277)
	at org.junit.jupiter.engine.execution.TestInstancesProvider.getTestInstances(TestInstancesProvider.java:31)
	at org.junit.jupiter.engine.descriptor.TestMethodTestDescriptor.lambda$prepare$0(TestMethodTestDescriptor.java:105)
	at org.junit.platform.engine.support.hierarchical.ThrowableCollector.execute(ThrowableCollector.java:73)
	at org.junit.jupiter.engine.descriptor.TestMethodTestDescriptor.prepare(TestMethodTestDescriptor.java:104)
	at org.junit.jupiter.engine.descriptor.TestMethodTestDescriptor.prepare(TestMethodTestDescriptor.java:68)
	at org.junit.platform.engine.support.hierarchical.NodeTestTask.lambda$prepare$2(NodeTestTask.java:123)
	at org.junit.platform.engine.support.hierarchical.ThrowableCollector.execute(ThrowableCollector.java:73)
	at org.junit.platform.engine.support.hierarchical.NodeTestTask.prepare(NodeTestTask.java:123)
	at org.junit.platform.engine.support.hierarchical.NodeTestTask.execute(NodeTestTask.java:90)
	at java.base/java.util.ArrayList.forEach(ArrayList.java:1511)
	at org.junit.platform.engine.support.hierarchical.SameThreadHierarchicalTestExecutorService.invokeAll(SameThreadHierarchicalTestExecutorService.java:41)
	at org.junit.platform.engine.support.hierarchical.NodeTestTask.lambda$executeRecursively$6(NodeTestTask.java:155)
	at org.junit.platform.engine.support.hierarchical.ThrowableCollector.execute(ThrowableCollector.java:73)
	at org.junit.platform.engine.support.hierarchical.NodeTestTask.lambda$executeRecursively$8(NodeTestTask.java:141)
	at org.junit.platform.engine.support.hierarchical.Node.around(Node.java:137)
	at org.junit.platform.engine.support.hierarchical.NodeTestTask.lambda$executeRecursively$9(NodeTestTask.java:139)
	at org.junit.platform.engine.support.hierarchical.ThrowableCollector.execute(ThrowableCollector.java:73)
	at org.junit.platform.engine.support.hierarchical.NodeTestTask.executeRecursively(NodeTestTask.java:138)
	at org.junit.platform.engine.support.hierarchical.NodeTestTask.execute(NodeTestTask.java:95)
	at java.base/java.util.ArrayList.forEach(ArrayList.java:1511)
	at org.junit.platform.engine.support.hierarchical.SameThreadHierarchicalTestExecutorService.invokeAll(SameThreadHierarchicalTestExecutorService.java:41)
	at org.junit.platform.engine.support.hierarchical.NodeTestTask.lambda$executeRecursively$6(NodeTestTask.java:155)
	at org.junit.platform.engine.support.hierarchical.ThrowableCollector.execute(ThrowableCollector.java:73)
	at org.junit.platform.engine.support.hierarchical.NodeTestTask.lambda$executeRecursively$8(NodeTestTask.java:141)
	at org.junit.platform.engine.support.hierarchical.Node.around(Node.java:137)
	at org.junit.platform.engine.support.hierarchical.NodeTestTask.lambda$executeRecursively$9(NodeTestTask.java:139)
	at org.junit.platform.engine.support.hierarchical.ThrowableCollector.execute(ThrowableCollector.java:73)
	at org.junit.platform.engine.support.hierarchical.NodeTestTask.executeRecursively(NodeTestTask.java:138)
	at org.junit.platform.engine.support.hierarchical.NodeTestTask.execute(NodeTestTask.java:95)
	at org.junit.platform.engine.support.hierarchical.SameThreadHierarchicalTestExecutorService.submit(SameThreadHierarchicalTestExecutorService.java:35)
	at org.junit.platform.engine.support.hierarchical.HierarchicalTestExecutor.execute(HierarchicalTestExecutor.java:57)
	at org.junit.platform.engine.support.hierarchical.HierarchicalTestEngine.execute(HierarchicalTestEngine.java:54)
	at org.junit.platform.launcher.core.EngineExecutionOrchestrator.execute(EngineExecutionOrchestrator.java:147)
	at org.junit.platform.launcher.core.EngineExecutionOrchestrator.execute(EngineExecutionOrchestrator.java:127)
	at org.junit.platform.launcher.core.EngineExecutionOrchestrator.execute(EngineExecutionOrchestrator.java:90)
	at org.junit.platform.launcher.core.EngineExecutionOrchestrator.lambda$execute$0(EngineExecutionOrchestrator.java:55)
	at org.junit.platform.launcher.core.EngineExecutionOrchestrator.withInterceptedStreams(EngineExecutionOrchestrator.java:102)
	at org.junit.platform.launcher.core.EngineExecutionOrchestrator.execute(EngineExecutionOrchestrator.java:54)
	at org.junit.platform.launcher.core.DefaultLauncher.execute(DefaultLauncher.java:114)
	at org.junit.platform.launcher.core.DefaultLauncher.execute(DefaultLauncher.java:86)
	at org.junit.platform.launcher.core.DefaultLauncherSession$DelegatingLauncher.execute(DefaultLauncherSession.java:86)
	at org.gradle.api.internal.tasks.testing.junitplatform.JUnitPlatformTestClassProcessor$CollectAllTestClassesExecutor.processAllTestClasses(JUnitPlatformTestClassProcessor.java:110)
	at org.gradle.api.internal.tasks.testing.junitplatform.JUnitPlatformTestClassProcessor$CollectAllTestClassesExecutor.access$000(JUnitPlatformTestClassProcessor.java:90)
	at org.gradle.api.internal.tasks.testing.junitplatform.JUnitPlatformTestClassProcessor.stop(JUnitPlatformTestClassProcessor.java:85)
	at org.gradle.api.internal.tasks.testing.SuiteTestClassProcessor.stop(SuiteTestClassProcessor.java:62)
	at java.base/jdk.internal.reflect.NativeMethodAccessorImpl.invoke0(Native Method)
	at java.base/jdk.internal.reflect.NativeMethodAccessorImpl.invoke(NativeMethodAccessorImpl.java:77)
	at java.base/jdk.internal.reflect.DelegatingMethodAccessorImpl.invoke(DelegatingMethodAccessorImpl.java:43)
	at java.base/java.lang.reflect.Method.invoke(Method.java:568)
	at org.gradle.internal.dispatch.ReflectionDispatch.dispatch(ReflectionDispatch.java:36)
	at org.gradle.internal.dispatch.ReflectionDispatch.dispatch(ReflectionDispatch.java:24)
	at org.gradle.internal.dispatch.ContextClassLoaderDispatch.dispatch(ContextClassLoaderDispatch.java:33)
	at org.gradle.internal.dispatch.ProxyDispatchAdapter$DispatchingInvocationHandler.invoke(ProxyDispatchAdapter.java:94)
	at jdk.proxy1/jdk.proxy1.$Proxy2.stop(Unknown Source)
	at org.gradle.api.internal.tasks.testing.worker.TestWorker$3.run(TestWorker.java:193)
	at org.gradle.api.internal.tasks.testing.worker.TestWorker.executeAndMaintainThreadName(TestWorker.java:129)
	at org.gradle.api.internal.tasks.testing.worker.TestWorker.execute(TestWorker.java:100)
	at org.gradle.api.internal.tasks.testing.worker.TestWorker.execute(TestWorker.java:60)
	at org.gradle.process.internal.worker.child.ActionExecutionWorker.execute(ActionExecutionWorker.java:56)
	at org.gradle.process.internal.worker.child.SystemApplicationClassLoaderWorker.call(SystemApplicationClassLoaderWorker.java:113)
	at org.gradle.process.internal.worker.child.SystemApplicationClassLoaderWorker.call(SystemApplicationClassLoaderWorker.java:65)
	at worker.org.gradle.process.internal.worker.GradleWorkerMain.run(GradleWorkerMain.java:69)
	at worker.org.gradle.process.internal.worker.GradleWorkerMain.main(GradleWorkerMain.java:74)
Caused by: java.lang.RuntimeException: java.lang.reflect.InvocationTargetException
	at io.quarkus.runner.bootstrap.RunningQuarkusApplicationImpl.instance(RunningQuarkusApplicationImpl.java:90)
	at io.quarkus.test.junit.QuarkusTestExtension.createActualTestInstance(QuarkusTestExtension.java:792)
	at io.quarkus.test.junit.QuarkusTestExtension.initTestState(QuarkusTestExtension.java:780)
	... 81 more
Caused by: java.lang.reflect.InvocationTargetException
	at java.base/jdk.internal.reflect.NativeMethodAccessorImpl.invoke0(Native Method)
	at java.base/jdk.internal.reflect.NativeMethodAccessorImpl.invoke(NativeMethodAccessorImpl.java:77)
	at java.base/jdk.internal.reflect.DelegatingMethodAccessorImpl.invoke(DelegatingMethodAccessorImpl.java:43)
	at java.base/java.lang.reflect.Method.invoke(Method.java:568)
	at io.quarkus.runner.bootstrap.RunningQuarkusApplicationImpl.instance(RunningQuarkusApplicationImpl.java:88)
	... 83 more
Caused by: java.lang.RuntimeException: Error injecting io.cone.BannedUserClient io.cone.RegistrationResourceTest.bannedUserClient
	at io.cone.RegistrationResourceTest_Bean.doCreate(Unknown Source)
	at io.cone.RegistrationResourceTest_Bean.create(Unknown Source)
	at io.cone.RegistrationResourceTest_Bean.get(Unknown Source)
	at io.cone.RegistrationResourceTest_Bean.get(Unknown Source)
	at io.quarkus.arc.impl.InstanceImpl.getBeanInstance(InstanceImpl.java:323)
	at io.quarkus.arc.impl.InstanceImpl.getInternal(InstanceImpl.java:307)
	at io.quarkus.arc.impl.InstanceImpl.get(InstanceImpl.java:188)
	... 88 more
Caused by: java.lang.IllegalArgumentException: Unable to determine the proper baseUrl/baseUri. Consider registering using @RegisterRestClient(baseUri=&quot;someuri&quot;), @RegisterRestClient(configKey=&quot;orkey&quot;), or by adding 'quarkus.rest-client.&quot;io.cone.BannedUserClient&quot;.url' or 'quarkus.rest-client.&quot;io.cone.BannedUserClient&quot;.uri' to your Quarkus configuration
	at io.quarkus.rest.client.reactive.runtime.RestClientCDIDelegateBuilder.configureBaseUrl(RestClientCDIDelegateBuilder.java:366)
	at io.quarkus.rest.client.reactive.runtime.RestClientCDIDelegateBuilder.configureBuilder(RestClientCDIDelegateBuilder.java:64)
	at io.quarkus.rest.client.reactive.runtime.RestClientCDIDelegateBuilder.build(RestClientCDIDelegateBuilder.java:59)
	at io.quarkus.rest.client.reactive.runtime.RestClientCDIDelegateBuilder.createDelegate(RestClientCDIDelegateBuilder.java:42)
	at io.quarkus.rest.client.reactive.runtime.RestClientReactiveCDIWrapperBase.delegate(RestClientReactiveCDIWrapperBase.java:76)
	at io.quarkus.rest.client.reactive.runtime.RestClientReactiveCDIWrapperBase.&lt;init&gt;(RestClientReactiveCDIWrapperBase.java:30)
	at io.cone.BannedUserClient$$CDIWrapper.&lt;init&gt;(Unknown Source)
	at io.cone.BannedUserClient$$CDIWrapper_ClientProxy.&lt;init&gt;(Unknown Source)
	at io.cone.BannedUserClient$$CDIWrapper_Bean.proxy(Unknown Source)
	at io.cone.BannedUserClient$$CDIWrapper_Bean.get(Unknown Source)
	at io.cone.BannedUserClient$$CDIWrapper_Bean.get(Unknown Source)
	... 95 more
</failure>
  </testcase>
  <system-out><![CDATA[2023-06-24 10:06:36,521 WARN  [io.qua.res.rea.ser.dep.QuarkusServerEndpointIndexer] (build-19) Quarkus detected the use of JSON in JAX-RS method 'io.cone.RegistrationResource#insertUser' but no JSON extension has been added. Consider adding 'quarkus-resteasy-reactive-jackson' or 'quarkus-resteasy-reactive-jsonb'.
2023-06-24 10:06:37,062 INFO  [io.quarkus] (Test worker) cone 1.0-SNAPSHOT on JVM (powered by Quarkus 3.1.2.Final) started in 1.173s. Listening on: http://localhost:8081
2023-06-24 10:06:37,064 INFO  [io.quarkus] (Test worker) Profile test activated. 
2023-06-24 10:06:37,064 INFO  [io.quarkus] (Test worker) Installed features: [cdi, rest-client, rest-client-jackson, rest-client-reactive, rest-client-reactive-jackson, resteasy-reactive, smallrye-context-propagation, vertx]
]]></system-out>
  <system-err><![CDATA[]]></system-err>
</testsuite>
